<?xml version="1.0" encoding="UTF-8"?>
<testsuite name="org.goforjava.db.DepartmentDBTest" tests="2" skipped="0" failures="0" errors="0" timestamp="2023-10-10T20:21:43" hostname="KS-DTP0684" time="0.015">
  <properties/>
  <testcase name="shouldFindAll()" classname="org.goforjava.db.DepartmentDBTest" time="0.013"/>
  <testcase name="shouldFindDepartmentById()" classname="org.goforjava.db.DepartmentDBTest" time="0.001"/>
  <system-out><![CDATA[]]></system-out>
  <system-err><![CDATA[]]></system-err>
</testsuite>
